This is pdfTeX, Version 3.1415926-2.5-1.40.14 (TeX Live 2013) (format=pdflatex 2013.5.30)  4 SEP 2014 13:00
entering extended mode
 restricted \write18 enabled.
 file:line:error style messages enabled.
 %&-line parsing enabled.
**root.tex
(./root.tex
LaTeX2e <2011/06/27>
Babel <3.9f> and hyphenation patterns for 78 languages loaded.
(./thesis.cls
Document Class: thesis 2005/11/10 version 0.3.2 JHU Thesis Class
(./jhu12.clo)
\descriptionmargin=\dimen102
\c@part=\count79
\c@chapter=\count80
\c@section=\count81
\c@subsection=\count82
\c@subsubsection=\count83
\c@paragraph=\count84
\c@subparagraph=\count85
\c@figure=\count86
\c@table=\count87
) (/usr/local/texlive/2013/texmf-dist/tex/latex/cite/cite.sty
LaTeX Info: Redefining \cite on input line 302.
LaTeX Info: Redefining \nocite on input line 373.
Package: cite 2010/09/10  v 5.3
)
(/usr/local/texlive/2013/texmf-dist/tex/latex/base/fontenc.sty
Package: fontenc 2005/09/27 v1.99g Standard LaTeX package

(/usr/local/texlive/2013/texmf-dist/tex/latex/base/t1enc.def
File: t1enc.def 2005/09/27 v1.99g Standard LaTeX file
LaTeX Font Info:    Redeclaring font encoding T1 on input line 43.
))
(/usr/local/texlive/2013/texmf-dist/tex/latex/amsmath/amsmath.sty
Package: amsmath 2013/01/14 v2.14 AMS math features
\@mathmargin=\skip41

For additional information on amsmath, use the `?' option.
(/usr/local/texlive/2013/texmf-dist/tex/latex/amsmath/amstext.sty
Package: amstext 2000/06/29 v2.01

(/usr/local/texlive/2013/texmf-dist/tex/latex/amsmath/amsgen.sty
File: amsgen.sty 1999/11/30 v2.0
\@emptytoks=\toks14
\ex@=\dimen103
))
(/usr/local/texlive/2013/texmf-dist/tex/latex/amsmath/amsbsy.sty
Package: amsbsy 1999/11/29 v1.2d
\pmbraise@=\dimen104
)
(/usr/local/texlive/2013/texmf-dist/tex/latex/amsmath/amsopn.sty
Package: amsopn 1999/12/14 v2.01 operator names
)
\inf@bad=\count88
LaTeX Info: Redefining \frac on input line 210.
\uproot@=\count89
\leftroot@=\count90
LaTeX Info: Redefining \overline on input line 306.
\classnum@=\count91
\DOTSCASE@=\count92
LaTeX Info: Redefining \ldots on input line 378.
LaTeX Info: Redefining \dots on input line 381.
LaTeX Info: Redefining \cdots on input line 466.
\Mathstrutbox@=\box26
\strutbox@=\box27
\big@size=\dimen105
LaTeX Font Info:    Redeclaring font encoding OML on input line 566.
LaTeX Font Info:    Redeclaring font encoding OMS on input line 567.
\macc@depth=\count93
\c@MaxMatrixCols=\count94
\dotsspace@=\muskip10
\c@parentequation=\count95
\dspbrk@lvl=\count96
\tag@help=\toks15
\row@=\count97
\column@=\count98
\maxfields@=\count99
\andhelp@=\toks16
\eqnshift@=\dimen106
\alignsep@=\dimen107
\tagshift@=\dimen108
\tagwidth@=\dimen109
\totwidth@=\dimen110
\lineht@=\dimen111
\@envbody=\toks17
\multlinegap=\skip42
\multlinetaggap=\skip43
\mathdisplay@stack=\toks18
LaTeX Info: Redefining \[ on input line 2665.
LaTeX Info: Redefining \] on input line 2666.
)
(/usr/local/texlive/2013/texmf-dist/tex/latex/amsfonts/amsfonts.sty
Package: amsfonts 2013/01/14 v3.01 Basic AMSFonts support
\symAMSa=\mathgroup4
\symAMSb=\mathgroup5
LaTeX Font Info:    Overwriting math alphabet `\mathfrak' in version `bold'
(Font)                  U/euf/m/n --> U/euf/b/n on input line 106.
)
(/usr/local/texlive/2013/texmf-dist/tex/latex/amsfonts/amssymb.sty
Package: amssymb 2013/01/14 v3.01 AMS font symbols
)
(/usr/local/texlive/2013/texmf-dist/tex/latex/siunitx/siunitx.sty
(/usr/local/texlive/2013/texmf-dist/tex/latex/l3kernel/expl3.sty
(/usr/local/texlive/2013/texmf-dist/tex/latex/l3kernel/l3names.sty
(/usr/local/texlive/2013/texmf-dist/tex/latex/l3kernel/l3bootstrap.sty
Package: l3bootstrap 2013/01/08 v4420 L3 Experimental bootstrap code
)
Package: l3names 2012/12/07 v4346 L3 Namespace for primitives
)
(/usr/local/texlive/2013/texmf-dist/tex/latex/etex-pkg/etex.sty
Package: etex 1998/03/26 v2.0 eTeX basic definition package (PEB)
\et@xins=\count100
)
Package: expl3 2013/03/14 v4469 L3 Experimental code bundle wrapper

(/usr/local/texlive/2013/texmf-dist/tex/latex/l3kernel/l3basics.sty
Package: l3basics 2013/01/10 v4428 L3 Basic definitions
)
(/usr/local/texlive/2013/texmf-dist/tex/latex/l3kernel/l3expan.sty
Package: l3expan 2013/02/03 v4458 L3 Argument expansion
)
(/usr/local/texlive/2013/texmf-dist/tex/latex/l3kernel/l3tl.sty
Package: l3tl 2013/01/08 v4415 L3 Token lists
)
(/usr/local/texlive/2013/texmf-dist/tex/latex/l3kernel/l3seq.sty
Package: l3seq 2013/01/12 v4434 L3 Sequences and stacks
)
(/usr/local/texlive/2013/texmf-dist/tex/latex/l3kernel/l3int.sty
Package: l3int 2013/01/13 v4444 L3 Integers
\c_max_int=\count101
\l_tmpa_int=\count102
\l_tmpb_int=\count103
\g_tmpa_int=\count104
\g_tmpb_int=\count105
)
(/usr/local/texlive/2013/texmf-dist/tex/latex/l3kernel/l3quark.sty
Package: l3quark 2012/11/04 v4268 L3 Quarks
)
(/usr/local/texlive/2013/texmf-dist/tex/latex/l3kernel/l3prg.sty
Package: l3prg 2013/02/13 v4459 L3 Control structures
\g__prg_map_int=\count106
)
(/usr/local/texlive/2013/texmf-dist/tex/latex/l3kernel/l3clist.sty
Package: l3clist 2013/01/08 v4414 L3 Comma separated lists
)
(/usr/local/texlive/2013/texmf-dist/tex/latex/l3kernel/l3token.sty
Package: l3token 2013/01/10 v4428 L3 Experimental token manipulation
)
(/usr/local/texlive/2013/texmf-dist/tex/latex/l3kernel/l3prop.sty
Package: l3prop 2013/01/09 v4423 L3 Property lists
)
(/usr/local/texlive/2013/texmf-dist/tex/latex/l3kernel/l3msg.sty
Package: l3msg 2013/01/08 v4412 L3 Messages
)
(/usr/local/texlive/2013/texmf-dist/tex/latex/l3kernel/l3file.sty
Package: l3file 2013/01/14 v4446 L3 File and I/O operations
\l_iow_line_count_int=\count107
\l__iow_target_count_int=\count108
\l__iow_current_line_int=\count109
\l__iow_current_word_int=\count110
\l__iow_current_indentation_int=\count111
)
(/usr/local/texlive/2013/texmf-dist/tex/latex/l3kernel/l3skip.sty
Package: l3skip 2013/01/13 v4444 L3 Dimensions and skips
\c_zero_dim=\dimen112
\c_max_dim=\dimen113
\l_tmpa_dim=\dimen114
\l_tmpb_dim=\dimen115
\g_tmpa_dim=\dimen116
\g_tmpb_dim=\dimen117
\c_zero_skip=\skip44
\c_max_skip=\skip45
\l_tmpa_skip=\skip46
\l_tmpb_skip=\skip47
\g_tmpa_skip=\skip48
\g_tmpb_skip=\skip49
\c_zero_muskip=\muskip11
\c_max_muskip=\muskip12
\l_tmpa_muskip=\muskip13
\l_tmpb_muskip=\muskip14
\g_tmpa_muskip=\muskip15
\g_tmpb_muskip=\muskip16
)
(/usr/local/texlive/2013/texmf-dist/tex/latex/l3kernel/l3keys.sty
Package: l3keys 2013/02/24 v4461 L3 Experimental key-value interfaces
\g__keyval_level_int=\count112
\l_keys_choice_int=\count113
)
(/usr/local/texlive/2013/texmf-dist/tex/latex/l3kernel/l3fp.sty
Package: l3fp 2013/01/19 v4449 L3 Floating points
\c__fp_leading_shift_int=\count114
\c__fp_middle_shift_int=\count115
\c__fp_trailing_shift_int=\count116
\c__fp_big_leading_shift_int=\count117
\c__fp_big_middle_shift_int=\count118
\c__fp_big_trailing_shift_int=\count119
\c__fp_Bigg_leading_shift_int=\count120
\c__fp_Bigg_middle_shift_int=\count121
\c__fp_Bigg_trailing_shift_int=\count122
)
(/usr/local/texlive/2013/texmf-dist/tex/latex/l3kernel/l3box.sty
Package: l3box 2013/01/08 v4411 L3 Experimental boxes
\c_empty_box=\box28
\l_tmpa_box=\box29
\l_tmpb_box=\box30
\g_tmpa_box=\box31
\g_tmpb_box=\box32
)
(/usr/local/texlive/2013/texmf-dist/tex/latex/l3kernel/l3coffins.sty
Package: l3coffins 2012/09/09 v4212 L3 Coffin code layer
\l__coffin_internal_box=\box33
\l__coffin_internal_dim=\dimen118
\l__coffin_offset_x_dim=\dimen119
\l__coffin_offset_y_dim=\dimen120
\l__coffin_x_dim=\dimen121
\l__coffin_y_dim=\dimen122
\l__coffin_x_prime_dim=\dimen123
\l__coffin_y_prime_dim=\dimen124
\c_empty_coffin=\box34
\l__coffin_aligned_coffin=\box35
\l__coffin_aligned_internal_coffin=\box36
\l_tmpa_coffin=\box37
\l_tmpb_coffin=\box38
\l__coffin_display_coffin=\box39
\l__coffin_display_coord_coffin=\box40
\l__coffin_display_pole_coffin=\box41
\l__coffin_display_offset_dim=\dimen125
\l__coffin_display_x_dim=\dimen126
\l__coffin_display_y_dim=\dimen127
)
(/usr/local/texlive/2013/texmf-dist/tex/latex/l3kernel/l3color.sty
Package: l3color 2012/08/29 v4156 L3 Experimental color support
)
(/usr/local/texlive/2013/texmf-dist/tex/latex/l3kernel/l3luatex.sty
Package: l3luatex 2012/08/03 v4049 L3 Experimental LuaTeX-specific functions
\g__cctab_allocate_int=\count123
\g__cctab_stack_int=\count124
)
(/usr/local/texlive/2013/texmf-dist/tex/latex/l3kernel/l3candidates.sty
Package: l3candidates 2013/03/14 v4468 L3 Experimental additions to l3kernel
\l__box_top_dim=\dimen128
\l__box_bottom_dim=\dimen129
\l__box_left_dim=\dimen130
\l__box_right_dim=\dimen131
\l__box_top_new_dim=\dimen132
\l__box_bottom_new_dim=\dimen133
\l__box_left_new_dim=\dimen134
\l__box_right_new_dim=\dimen135
\l__box_internal_box=\box42
\l__coffin_bounding_shift_dim=\dimen136
\l__coffin_left_corner_dim=\dimen137
\l__coffin_right_corner_dim=\dimen138
\l__coffin_bottom_corner_dim=\dimen139
\l__coffin_top_corner_dim=\dimen140
\l__coffin_scaled_total_height_dim=\dimen141
\l__coffin_scaled_width_dim=\dimen142
)
(/usr/local/texlive/2013/texmf-dist/tex/generic/oberdiek/ifpdf.sty
Package: ifpdf 2011/01/30 v2.3 Provides the ifpdf switch (HO)
Package ifpdf Info: pdfTeX in PDF mode is detected.
))
(/usr/local/texlive/2013/texmf-dist/tex/latex/l3packages/xparse/xparse.sty
Package: xparse 2013/03/12 v4467 L3 Experimental document command parser
\l__xparse_current_arg_int=\count125
\l__xparse_m_args_int=\count126
\l__xparse_mandatory_args_int=\count127
\l__xparse_processor_int=\count128
\l__xparse_v_nesting_int=\count129
)
Package: siunitx 2013/03/11 v2.5q A comprehensive (SI) units package

(/usr/local/texlive/2013/texmf-dist/tex/latex/tools/array.sty
Package: array 2008/09/09 v2.4c Tabular extension package (FMi)
\col@sep=\dimen143
\extrarowheight=\dimen144
\NC@list=\toks19
\extratabsurround=\skip50
\backup@length=\skip51
)
(/usr/local/texlive/2013/texmf-dist/tex/latex/l3packages/l3keys2e/l3keys2e.sty
Package: l3keys2e 2013/03/12 v4467 LaTeX2e option processing using LaTeX3 keys
)
Variant \tl_if_blank:VTF already defined; not changing it on line 50
\l__siunitx_tmp_box=\box43
\l__siunitx_tmp_dim=\dimen145
\l__siunitx_tmp_int=\count130
Variant \prop_get:NVNT already defined; not changing it on line 371
Variant \prop_get:NVNF already defined; not changing it on line 372
Variant \prop_get:NVNTF already defined; not changing it on line 373
\l__siunitx_number_mantissa_length_int=\count131
\l__siunitx_number_uncert_length_int=\count132
\l__siunitx_round_int=\count133
\l__siunitx_process_decimal_int=\count134
\l__siunitx_process_uncertainty_int=\count135
\l__siunitx_process_fixed_int=\count136
\l__siunitx_process_integer_min_int=\count137
\l__siunitx_process_precision_int=\count138
\l__siunitx_group_min_int=\count139
\l__siunitx_angle_marker_box=\box44
\l__siunitx_angle_unit_box=\box45
\l__siunitx_angle_marker_dim=\dimen146
\l__siunitx_angle_unit_dim=\dimen147
\l__siunitx_unit_int=\count140
\l__siunitx_unit_denominator_int=\count141
\l__siunitx_unit_numerator_int=\count142
\l__siunitx_unit_prefix_int=\count143
\l__siunitx_unit_prefix_base_int=\count144
\l__siunitx_unit_prefix_gram_int=\count145
\l__siunitx_number_product_int=\count146
\c__siunitx_one_fill_skip=\skip52
\l__siunitx_table_unit_align_skip=\skip53
\l__siunitx_table_exponent_dim=\dimen148
\l__siunitx_table_integer_dim=\dimen149
\l__siunitx_table_mantissa_dim=\dimen150
\l__siunitx_table_marker_dim=\dimen151
\l__siunitx_table_result_dim=\dimen152
\l__siunitx_table_uncert_dim=\dimen153
\l__siunitx_table_fill_pre_dim=\dimen154
\l__siunitx_table_fill_post_dim=\dimen155
\l__siunitx_table_fill_mid_dim=\dimen156
\l__siunitx_table_pre_box=\box46
\l__siunitx_table_post_box=\box47
\l__siunitx_table_mantissa_box=\box48
\l__siunitx_table_result_box=\box49
\l__siunitx_table_number_align_skip=\skip54
\l__siunitx_table_text_align_skip=\skip55
.................................................
. LaTeX info: "xparse/define-command"
. 
. Defining document command \DeclareBinaryPrefix with arg. spec. 'mmm' on line
. 7101.
.................................................
.................................................
. LaTeX info: "xparse/define-command"
. 
. Defining document command \DeclareSIPostPower with arg. spec. 'mm' on line
. 7104.
.................................................
.................................................
. LaTeX info: "xparse/define-command"
. 
. Defining document command \DeclareSIPrefix with arg. spec. 'mmm' on line
. 7107.
.................................................
.................................................
. LaTeX info: "xparse/define-command"
. 
. Defining document command \DeclareSIPrePower with arg. spec. 'mm' on line
. 7110.
.................................................
.................................................
. LaTeX info: "xparse/define-command"
. 
. Defining document command \DeclareSIQualifier with arg. spec. 'mm' on line
. 7113.
.................................................
.................................................
. LaTeX info: "xparse/define-command"
. 
. Defining document command \DeclareSIUnit with arg. spec. 'O{}mm' on line
. 7116.
.................................................
.................................................
. LaTeX info: "xparse/define-command"
. 
. Defining document command \DeclareSIUnitWithOptions with arg. spec. 'mmm' on
. line 7119.
.................................................
.................................................
. LaTeX info: "xparse/define-command"
. 
. Defining document command \ang with arg. spec. 'o>{\SplitArgument {2}{;}}m'
. on line 7134.
.................................................
.................................................
. LaTeX info: "xparse/define-command"
. 
. Defining document command \num with arg. spec. 'om' on line 7142.
.................................................
.................................................
. LaTeX info: "xparse/define-command"
. 
. Defining document command \numlist with arg. spec. 'o>{\SplitList {;}}m' on
. line 7150.
.................................................
.................................................
. LaTeX info: "xparse/define-command"
. 
. Defining document command \numrange with arg. spec. 'omm' on line 7158.
.................................................
.................................................
. LaTeX info: "xparse/define-command"
. 
. Defining document command \SIlist with arg. spec. 'o>{\SplitList {;}}mm' on
. line 7169.
.................................................
.................................................
. LaTeX info: "xparse/define-command"
. 
. Defining document command \SIrange with arg. spec. 'ommm' on line 7180.
.................................................
.................................................
. LaTeX info: "xparse/define-command"
. 
. Defining document command \SI with arg. spec. 'omom' on line 7191.
.................................................
.................................................
. LaTeX info: "xparse/define-command"
. 
. Defining document command \sisetup with arg. spec. 'm' on line 7194.
.................................................
.................................................
. LaTeX info: "xparse/define-command"
. 
. Defining document command \tablenum with arg. spec. 'om' on line 7206.
.................................................
.................................................
. LaTeX info: "xparse/define-command"
. 
. Defining document command \si with arg. spec. 'om' on line 7217.
.................................................
.................................................
. LaTeX info: "xparse/define-command"
. 
. Defining document command \__siunitx_bookmark_num:w with arg. spec. 'om' on
. line 7262.
.................................................
.................................................
. LaTeX info: "xparse/define-command"
. 
. Defining document command \__siunitx_bookmark_numrange:w with arg. spec.
. 'omm' on line 7264.
.................................................
.................................................
. LaTeX info: "xparse/define-command"
. 
. Defining document command \__siunitx_bookmark_SI:w with arg. spec. 'omom' on
. line 7266.
.................................................
.................................................
. LaTeX info: "xparse/define-command"
. 
. Defining document command \__siunitx_bookmark_SIlist:w with arg. spec. 'omm'
. on line 7268.
.................................................
.................................................
. LaTeX info: "xparse/define-command"
. 
. Defining document command \__siunitx_bookmark_SIrange:w with arg. spec.
. 'ommm' on line 7270.
.................................................
.................................................
. LaTeX info: "xparse/define-command"
. 
. Defining document command \__siunitx_bookmark_si:w with arg. spec. 'om' on
. line 7271.
.................................................
\g__file_internal_ior=\read1
(/usr/local/texlive/2013/texmf-dist/tex/latex/beamer/translator/translator.sty
Package: translator 2010/06/12 ver 1.10

(/usr/local/texlive/2013/texmf-dist/tex/latex/graphics/keyval.sty
Package: keyval 1999/03/16 v1.13 key=value parser (DPC)
\KV@toks@=\toks20
)
(/usr/local/texlive/2013/texmf-dist/tex/latex/beamer/translator/translator-lang
uage-mappings.tex)))
(/usr/local/texlive/2013/texmf-dist/tex/latex/mhchem/mhchem.sty
Package: mhchem 2011/06/03 v3.11 for typesetting chemical formulae

(/usr/local/texlive/2013/texmf-dist/tex/latex/base/ifthen.sty
Package: ifthen 2001/05/26 v1.1c Standard LaTeX ifthen package (DPC)
)
(/usr/local/texlive/2013/texmf-dist/tex/latex/tools/calc.sty
Package: calc 2007/08/22 v4.3 Infix arithmetic (KKT,FJ)
\calc@Acount=\count147
\calc@Bcount=\count148
\calc@Adimen=\dimen157
\calc@Bdimen=\dimen158
\calc@Askip=\skip56
\calc@Bskip=\skip57
LaTeX Info: Redefining \setlength on input line 76.
LaTeX Info: Redefining \addtolength on input line 77.
\calc@Ccount=\count149
\calc@Cskip=\skip58
)
(/usr/local/texlive/2013/texmf-dist/tex/latex/oberdiek/twoopt.sty
Package: twoopt 2008/08/11 v1.5 Definitions with two optional arguments (HO)
)
(/usr/local/texlive/2013/texmf-dist/tex/latex/graphics/graphics.sty
Package: graphics 2009/02/05 v1.0o Standard LaTeX Graphics (DPC,SPQR)

(/usr/local/texlive/2013/texmf-dist/tex/latex/graphics/trig.sty
Package: trig 1999/03/16 v1.09 sin cos tan (DPC)
)
(/usr/local/texlive/2013/texmf-dist/tex/latex/latexconfig/graphics.cfg
File: graphics.cfg 2010/04/23 v1.9 graphics configuration of TeX Live
)
Package graphics Info: Driver file: pdftex.def on input line 91.

(/usr/local/texlive/2013/texmf-dist/tex/latex/pdftex-def/pdftex.def
File: pdftex.def 2011/05/27 v0.06d Graphics/color for pdfTeX

(/usr/local/texlive/2013/texmf-dist/tex/generic/oberdiek/infwarerr.sty
Package: infwarerr 2010/04/08 v1.3 Providing info/warning/error messages (HO)
)
(/usr/local/texlive/2013/texmf-dist/tex/generic/oberdiek/ltxcmds.sty
Package: ltxcmds 2011/11/09 v1.22 LaTeX kernel commands for general use (HO)
)
\Gread@gobject=\count150
))
\tok@mhchem@ce@iii=\toks21
\mhchem@arrowminlength=\skip59
\mhchem@arrows@box=\box50
\mhchem@arrowlength@pgf=\skip60
\mhchem@arrowminlength@pgf=\skip61
\mhchem@bondwidth=\skip62
\mhchem@bondheight=\skip63
\mhchem@smallbondwidth@tmpA=\skip64
\mhchem@smallbondwidth@tmpB=\skip65
\mhchem@smallbondwidth=\skip66
\mhchem@cf@result=\toks22
\mhchem@cf@element=\toks23
\mhchem@cf@amount=\toks24
\mhchem@cf@sup=\toks25
\mhchem@cf@presub=\toks26
\mhchem@cf@presup=\toks27
\mhchem@cf@replaceMath@result=\toks28
\mhchem@cf@replaceMathMinusDot@result=\toks29
\mhchem@prepostscript@tmp@i=\skip67
\mhchem@prepostscript@tmp@ii=\skip68
\mhchem@mathbox@tmp@i=\skip69
\mhchem@mathbox@tmp@ii=\skip70
\mhchem@minispace@tmp=\skip71
\mhchem@option@minussidebearingleft=\skip72
\mhchem@option@minussidebearingright=\skip73
)
(/usr/local/texlive/2013/texmf-dist/tex/latex/graphics/graphicx.sty
Package: graphicx 1999/02/16 v1.0f Enhanced LaTeX Graphics (DPC,SPQR)
\Gin@req@height=\dimen159
\Gin@req@width=\dimen160
)
(/usr/local/texlive/2013/texmf-dist/tex/latex/base/fixltx2e.sty
Package: fixltx2e 2006/09/13 v1.1m fixes to LaTeX
LaTeX Info: Redefining \em on input line 420.
LaTeX Info: The control sequence `\[' is already robust on input line 471.
LaTeX Info: The control sequence `\]' is already robust on input line 472.
)
(/usr/local/texlive/2013/texmf-dist/tex/latex/oberdiek/epstopdf.sty
Package: epstopdf 2010/02/09 v2.5 Conversion with epstopdf on the fly (HO)

(/usr/local/texlive/2013/texmf-dist/tex/latex/oberdiek/epstopdf-base.sty
Package: epstopdf-base 2010/02/09 v2.5 Base part for package epstopdf

(/usr/local/texlive/2013/texmf-dist/tex/latex/oberdiek/grfext.sty
Package: grfext 2010/08/19 v1.1 Manage graphics extensions (HO)

(/usr/local/texlive/2013/texmf-dist/tex/generic/oberdiek/kvdefinekeys.sty
Package: kvdefinekeys 2011/04/07 v1.3 Define keys (HO)
))
(/usr/local/texlive/2013/texmf-dist/tex/latex/oberdiek/kvoptions.sty
Package: kvoptions 2011/06/30 v3.11 Key value format for package options (HO)

(/usr/local/texlive/2013/texmf-dist/tex/generic/oberdiek/kvsetkeys.sty
Package: kvsetkeys 2012/04/25 v1.16 Key value parser (HO)

(/usr/local/texlive/2013/texmf-dist/tex/generic/oberdiek/etexcmds.sty
Package: etexcmds 2011/02/16 v1.5 Avoid name clashes with e-TeX commands (HO)

(/usr/local/texlive/2013/texmf-dist/tex/generic/oberdiek/ifluatex.sty
Package: ifluatex 2010/03/01 v1.3 Provides the ifluatex switch (HO)
Package ifluatex Info: LuaTeX not detected.
)
Package etexcmds Info: Could not find \expanded.
(etexcmds)             That can mean that you are not using pdfTeX 1.50 or
(etexcmds)             that some package has redefined \expanded.
(etexcmds)             In the latter case, load this package earlier.
)))
(/usr/local/texlive/2013/texmf-dist/tex/generic/oberdiek/pdftexcmds.sty
Package: pdftexcmds 2011/11/29 v0.20 Utility functions of pdfTeX for LuaTeX (HO
)
Package pdftexcmds Info: LuaTeX not detected.
Package pdftexcmds Info: \pdf@primitive is available.
Package pdftexcmds Info: \pdf@ifprimitive is available.
Package pdftexcmds Info: \pdfdraftmode found.
)
Package grfext Info: Graphics extension search list:
(grfext)             [.png,.pdf,.jpg,.mps,.jpeg,.jbig2,.jb2,.PNG,.PDF,.JPG,.JPE
G,.JBIG2,.JB2,.eps]
(grfext)             \AppendGraphicsExtensions on input line 452.

(/usr/local/texlive/2013/texmf-dist/tex/latex/latexconfig/epstopdf-sys.cfg
File: epstopdf-sys.cfg 2010/07/13 v1.3 Configuration of (r)epstopdf for TeX Liv
e
)))
(/usr/local/texlive/2013/texmf-dist/tex/latex/fancyhdr/fancyhdr.sty
\fancy@headwidth=\skip74
\f@ncyO@elh=\skip75
\f@ncyO@erh=\skip76
\f@ncyO@olh=\skip77
\f@ncyO@orh=\skip78
\f@ncyO@elf=\skip79
\f@ncyO@erf=\skip80
\f@ncyO@olf=\skip81
\f@ncyO@orf=\skip82
)
(/usr/local/texlive/2013/texmf-dist/tex/latex/hyperref/hyperref.sty
Package: hyperref 2012/11/06 v6.83m Hypertext links for LaTeX

(/usr/local/texlive/2013/texmf-dist/tex/generic/oberdiek/hobsub-hyperref.sty
Package: hobsub-hyperref 2012/05/28 v1.13 Bundle oberdiek, subset hyperref (HO)


(/usr/local/texlive/2013/texmf-dist/tex/generic/oberdiek/hobsub-generic.sty
Package: hobsub-generic 2012/05/28 v1.13 Bundle oberdiek, subset generic (HO)
Package: hobsub 2012/05/28 v1.13 Construct package bundles (HO)
Package hobsub Info: Skipping package `infwarerr' (already loaded).
Package hobsub Info: Skipping package `ltxcmds' (already loaded).
Package hobsub Info: Skipping package `ifluatex' (already loaded).
Package: ifvtex 2010/03/01 v1.5 Detect VTeX and its facilities (HO)
Package ifvtex Info: VTeX not detected.
Package: intcalc 2007/09/27 v1.1 Expandable calculations with integers (HO)
Package hobsub Info: Skipping package `ifpdf' (already loaded).
Package hobsub Info: Skipping package `etexcmds' (already loaded).
Package hobsub Info: Skipping package `kvsetkeys' (already loaded).
Package hobsub Info: Skipping package `kvdefinekeys' (already loaded).
Package hobsub Info: Skipping package `pdftexcmds' (already loaded).
Package: pdfescape 2011/11/25 v1.13 Implements pdfTeX's escape features (HO)
Package: bigintcalc 2012/04/08 v1.3 Expandable calculations on big integers (HO
)
Package: bitset 2011/01/30 v1.1 Handle bit-vector datatype (HO)
Package: uniquecounter 2011/01/30 v1.2 Provide unlimited unique counter (HO)
)
Package hobsub Info: Skipping package `hobsub' (already loaded).
Package: letltxmacro 2010/09/02 v1.4 Let assignment for LaTeX macros (HO)
Package: hopatch 2012/05/28 v1.2 Wrapper for package hooks (HO)
Package: xcolor-patch 2011/01/30 xcolor patch
Package: atveryend 2011/06/30 v1.8 Hooks at the very end of document (HO)
Package atveryend Info: \enddocument detected (standard20110627).
Package: atbegshi 2011/10/05 v1.16 At begin shipout hook (HO)
Package: refcount 2011/10/16 v3.4 Data extraction from label references (HO)
Package: hycolor 2011/01/30 v1.7 Color options for hyperref/bookmark (HO)
)
(/usr/local/texlive/2013/texmf-dist/tex/generic/ifxetex/ifxetex.sty
Package: ifxetex 2010/09/12 v0.6 Provides ifxetex conditional
)
(/usr/local/texlive/2013/texmf-dist/tex/latex/oberdiek/auxhook.sty
Package: auxhook 2011/03/04 v1.3 Hooks for auxiliary files (HO)
)
\@linkdim=\dimen161
\Hy@linkcounter=\count151
\Hy@pagecounter=\count152

(/usr/local/texlive/2013/texmf-dist/tex/latex/hyperref/pd1enc.def
File: pd1enc.def 2012/11/06 v6.83m Hyperref: PDFDocEncoding definition (HO)
)
\Hy@SavedSpaceFactor=\count153

(/usr/local/texlive/2013/texmf-dist/tex/latex/latexconfig/hyperref.cfg
File: hyperref.cfg 2002/06/06 v1.2 hyperref configuration of TeXLive
)
Package hyperref Info: Option `final' set `true' on input line 4319.
Package hyperref Info: Hyper figures OFF on input line 4443.
Package hyperref Info: Link nesting OFF on input line 4448.
Package hyperref Info: Hyper index ON on input line 4451.
Package hyperref Info: Plain pages OFF on input line 4458.
Package hyperref Info: Backreferencing OFF on input line 4463.
Package hyperref Info: Implicit mode ON; LaTeX internals redefined.
Package hyperref Info: Bookmarks ON on input line 4688.
\c@Hy@tempcnt=\count154

(/usr/local/texlive/2013/texmf-dist/tex/latex/url/url.sty
\Urlmuskip=\muskip17
Package: url 2006/04/12  ver 3.3  Verb mode for urls, etc.
)
LaTeX Info: Redefining \url on input line 5041.
\XeTeXLinkMargin=\dimen162
\Fld@menulength=\count155
\Field@Width=\dimen163
\Fld@charsize=\dimen164
Package hyperref Info: Hyper figures OFF on input line 6295.
Package hyperref Info: Link nesting OFF on input line 6300.
Package hyperref Info: Hyper index ON on input line 6303.
Package hyperref Info: backreferencing OFF on input line 6310.
Package hyperref Info: Link coloring OFF on input line 6315.
Package hyperref Info: Link coloring with OCG OFF on input line 6320.
Package hyperref Info: PDF/A mode OFF on input line 6325.
LaTeX Info: Redefining \ref on input line 6365.
LaTeX Info: Redefining \pageref on input line 6369.
\Hy@abspage=\count156
\c@Item=\count157
\c@Hfootnote=\count158
)

Package hyperref Message: Driver (autodetected): hpdftex.

(/usr/local/texlive/2013/texmf-dist/tex/latex/hyperref/hpdftex.def
File: hpdftex.def 2012/11/06 v6.83m Hyperref driver for pdfTeX
\Fld@listcount=\count159
\c@bookmark@seq@number=\count160

(/usr/local/texlive/2013/texmf-dist/tex/latex/oberdiek/rerunfilecheck.sty
Package: rerunfilecheck 2011/04/15 v1.7 Rerun checks for auxiliary files (HO)
Package uniquecounter Info: New unique counter `rerunfilecheck' on input line 2
82.
)
\Hy@SectionHShift=\skip83
)
(./defs.tex) (./root.aux (./chapter0.aux) (./chapter1.aux) (./chapter2.aux)
(./appendixa.aux))
\openout1 = `root.aux'.

LaTeX Font Info:    Checking defaults for OML/cmm/m/it on input line 49.
LaTeX Font Info:    ... okay on input line 49.
LaTeX Font Info:    Checking defaults for T1/cmr/m/n on input line 49.
LaTeX Font Info:    ... okay on input line 49.
LaTeX Font Info:    Checking defaults for OT1/cmr/m/n on input line 49.
LaTeX Font Info:    ... okay on input line 49.
LaTeX Font Info:    Checking defaults for OMS/cmsy/m/n on input line 49.
LaTeX Font Info:    ... okay on input line 49.
LaTeX Font Info:    Checking defaults for OMX/cmex/m/n on input line 49.
LaTeX Font Info:    ... okay on input line 49.
LaTeX Font Info:    Checking defaults for U/cmr/m/n on input line 49.
LaTeX Font Info:    ... okay on input line 49.
LaTeX Font Info:    Checking defaults for PD1/pdf/m/n on input line 49.
LaTeX Font Info:    ... okay on input line 49.

(/usr/local/texlive/2013/texmf-dist/tex/latex/beamer/translator/dicts/translato
r-basic-dictionary/translator-basic-dictionary-English.dict
Dictionary: translator-basic-dictionary, Language: English 
)
(/usr/local/texlive/2013/texmf-dist/tex/latex/siunitx/config/siunitx-abbreviati
ons.cfg
File: siunitx-abbreviations.cfg 2013/03/11 v2.5q siunitx: Abbreviated units
) (/usr/local/texlive/2013/texmf-dist/tex/context/base/supp-pdf.mkii
[Loading MPS to PDF converter (version 2006.09.02).]
\scratchcounter=\count161
\scratchdimen=\dimen165
\scratchbox=\box51
\nofMPsegments=\count162
\nofMParguments=\count163
\everyMPshowfont=\toks30
\MPscratchCnt=\count164
\MPscratchDim=\dimen166
\MPnumerator=\count165
\makeMPintoPDFobject=\count166
\everyMPtoPDFconversion=\toks31
)
\AtBeginShipoutBox=\box52


Package hyperref Warning: Height of page (\paperheight) is invalid (0.0pt),
(hyperref)                using 11in.

Package hyperref Info: Link coloring OFF on input line 49.
(/usr/local/texlive/2013/texmf-dist/tex/latex/hyperref/nameref.sty
Package: nameref 2012/10/27 v2.43 Cross-referencing by name of section

(/usr/local/texlive/2013/texmf-dist/tex/generic/oberdiek/gettitlestring.sty
Package: gettitlestring 2010/12/03 v1.4 Cleanup title references (HO)
)
\c@section@level=\count167
)
LaTeX Info: Redefining \ref on input line 49.
LaTeX Info: Redefining \pageref on input line 49.
LaTeX Info: Redefining \nameref on input line 49.

(./root.out) (./root.out)
\@outlinefile=\write3
\openout3 = `root.out'.

\c__siunitx_mathsf_int=\count168
LaTeX Font Info:    Try loading font information for U+msa on input line 49.

(/usr/local/texlive/2013/texmf-dist/tex/latex/amsfonts/umsa.fd
File: umsa.fd 2013/01/14 v3.01 AMS symbols A
)
LaTeX Font Info:    Try loading font information for U+msb on input line 49.

(/usr/local/texlive/2013/texmf-dist/tex/latex/amsfonts/umsb.fd
File: umsb.fd 2013/01/14 v3.01 AMS symbols B
)
\c__siunitx_mathtt_int=\count169
\openout2 = `chapter0.aux'.

 (./chapter0.tex
LaTeX Font Info:    Try loading font information for OMS+cmr on input line 8.
(/usr/local/texlive/2013/texmf-dist/tex/latex/base/omscmr.fd
File: omscmr.fd 1999/05/25 v2.5h Standard LaTeX font definitions
)
LaTeX Font Info:    Font shape `OMS/cmr/m/n' in size <12> not available
(Font)              Font shape `OMS/cmsy/m/n' tried instead on input line 8.

Underfull \vbox (badness 4279) detected at line 8
 []

[1


{/usr/local/texlive/2013/texmf-var/fonts/map/pdftex/updmap/pdftex.map}]
[2

] [3

] [4

] (./root.toc [5

] [6])
\tf@toc=\write4
\openout4 = `root.toc'.

 [7] (./root.lot)
\tf@lot=\write5
\openout5 = `root.lot'.

 [8

] (./root.lof
LaTeX Info: Redefining \bond on input line 8.
LaTeX Info: Redefining \dbond on input line 8.
LaTeX Info: Redefining \tbond on input line 8.
LaTeX Info: Redefining \bond on input line 8.
LaTeX Info: Redefining \dbond on input line 8.
LaTeX Info: Redefining \tbond on input line 8.
LaTeX Font Info:    Try loading font information for TS1+cmr on input line 8.

(/usr/local/texlive/2013/texmf-dist/tex/latex/base/ts1cmr.fd
File: ts1cmr.fd 1999/05/25 v2.5h Standard LaTeX font definitions
)
LaTeX Info: Redefining \bond on input line 8.
LaTeX Info: Redefining \dbond on input line 8.
LaTeX Info: Redefining \tbond on input line 8.
LaTeX Info: Redefining \bond on input line 11.
LaTeX Info: Redefining \dbond on input line 11.
LaTeX Info: Redefining \tbond on input line 11.
LaTeX Info: Redefining \bond on input line 11.
LaTeX Info: Redefining \dbond on input line 11.
LaTeX Info: Redefining \tbond on input line 11.
LaTeX Info: Redefining \bond on input line 11.
LaTeX Info: Redefining \dbond on input line 11.
LaTeX Info: Redefining \tbond on input line 11.
 [9

])
\tf@lof=\write6
\openout6 = `root.lof'.

 [10])
\openout2 = `chapter1.aux'.


(./chapter1.tex
Chapter 1.
[1



]) [2]
\openout2 = `chapter2.aux'.

 (./chapter2.tex
Chapter 2.
) [3



]
\openout2 = `appendixa.aux'.

 (./appendixa.tex
Appendix A.
[4



]
LaTeX Info: Redefining \bond on input line 28.
LaTeX Info: Redefining \dbond on input line 28.
LaTeX Info: Redefining \tbond on input line 28.
LaTeX Info: Redefining \bond on input line 28.
LaTeX Info: Redefining \dbond on input line 28.
LaTeX Info: Redefining \tbond on input line 28.
 [5] [6]
Package epstopdf Info: Source file: <./figures/appa/project_lith.eps>
(epstopdf)                    date: 2014-08-14 18:21:21
(epstopdf)                    size: 36132471 bytes
(epstopdf)             Output file: <./figures/appa/project_lith-eps-converted-
to.pdf>
(epstopdf)                    date: 2014-08-14 18:31:27
(epstopdf)                    size: 822104 bytes
(epstopdf)             Command: <repstopdf --outfile=./figures/appa/project_lit
h-eps-converted-to.pdf ./figures/appa/project_lith.eps>
(epstopdf)             \includegraphics on input line 48.
Package epstopdf Info: Output file is already uptodate.

<./figures/appa/project_lith-eps-converted-to.pdf, id=415, 792.9625pt x 422.578
75pt>
File: ./figures/appa/project_lith-eps-converted-to.pdf Graphic file (type pdf)
 <use ./figures/appa/project_lith-eps-converted-to.pdf>
Package pdftex.def Info: ./figures/appa/project_lith-eps-converted-to.pdf used 
on input line 48.
(pdftex.def)             Requested size: 433.62pt x 231.08429pt.
 [7 <./figures/appa/project_lith-eps-converted-to.pdf>]
Package epstopdf Info: Source file: <./figures/appa/mask_aligner.eps>
(epstopdf)                    date: 2014-08-14 18:28:05
(epstopdf)                    size: 39879483 bytes
(epstopdf)             Output file: <./figures/appa/mask_aligner-eps-converted-
to.pdf>
(epstopdf)                    date: 2014-08-14 18:32:57
(epstopdf)                    size: 757747 bytes
(epstopdf)             Command: <repstopdf --outfile=./figures/appa/mask_aligne
r-eps-converted-to.pdf ./figures/appa/mask_aligner.eps>
(epstopdf)             \includegraphics on input line 64.
Package epstopdf Info: Output file is already uptodate.

<./figures/appa/mask_aligner-eps-converted-to.pdf, id=429, 780.9175pt x 603.253
75pt>
File: ./figures/appa/mask_aligner-eps-converted-to.pdf Graphic file (type pdf)
 <use ./figures/appa/mask_aligner-eps-converted-to.pdf>
Package pdftex.def Info: ./figures/appa/mask_aligner-eps-converted-to.pdf used 
on input line 64.
(pdftex.def)             Requested size: 433.62pt x 334.96628pt.
 [8] [9 <./figures/appa/mask_aligner-eps-converted-to.pdf>]
LaTeX Info: Redefining \bond on input line 89.
LaTeX Info: Redefining \dbond on input line 89.
LaTeX Info: Redefining \tbond on input line 89.
LaTeX Info: Redefining \bond on input line 90.
LaTeX Info: Redefining \dbond on input line 90.
LaTeX Info: Redefining \tbond on input line 90.
LaTeX Info: Redefining \bond on input line 91.
LaTeX Info: Redefining \dbond on input line 91.
LaTeX Info: Redefining \tbond on input line 91.
LaTeX Info: Redefining \bond on input line 101.
LaTeX Info: Redefining \dbond on input line 101.
LaTeX Info: Redefining \tbond on input line 101.
LaTeX Info: Redefining \bond on input line 101.
LaTeX Info: Redefining \dbond on input line 101.
LaTeX Info: Redefining \tbond on input line 101.
 [10]
<./figures/appa/furnace_setup.jpg, id=463, 2698.08pt x 1525.7pt>
File: ./figures/appa/furnace_setup.jpg Graphic file (type jpg)

<use ./figures/appa/furnace_setup.jpg>
Package pdftex.def Info: ./figures/appa/furnace_setup.jpg used on input line 10
5.
(pdftex.def)             Requested size: 346.89731pt x 196.1596pt.

<./figures/appa/gas_panel.jpg, id=465, 2698.08pt x 1525.7pt>
File: ./figures/appa/gas_panel.jpg Graphic file (type jpg)

<use ./figures/appa/gas_panel.jpg>
Package pdftex.def Info: ./figures/appa/gas_panel.jpg used on input line 114.
(pdftex.def)             Requested size: 346.89731pt x 196.1596pt.
 [11] [12 <./figures/appa/furnace_setup.jpg> <./figures/appa/gas_panel.jpg>]
LaTeX Info: Redefining \bond on input line 124.
LaTeX Info: Redefining \dbond on input line 124.
LaTeX Info: Redefining \tbond on input line 124.
LaTeX Info: Redefining \bond on input line 125.
LaTeX Info: Redefining \dbond on input line 125.
LaTeX Info: Redefining \tbond on input line 125.
LaTeX Info: Redefining \bond on input line 125.
LaTeX Info: Redefining \dbond on input line 125.
LaTeX Info: Redefining \tbond on input line 125.
LaTeX Info: Redefining \bond on input line 126.
LaTeX Info: Redefining \dbond on input line 126.
LaTeX Info: Redefining \tbond on input line 126.
LaTeX Info: Redefining \bond on input line 129.
LaTeX Info: Redefining \dbond on input line 129.
LaTeX Info: Redefining \tbond on input line 129.
LaTeX Info: Redefining \bond on input line 129.
LaTeX Info: Redefining \dbond on input line 129.
LaTeX Info: Redefining \tbond on input line 129.
LaTeX Info: Redefining \bond on input line 129.
LaTeX Info: Redefining \dbond on input line 129.
LaTeX Info: Redefining \tbond on input line 129.
LaTeX Info: Redefining \bond on input line 129.
LaTeX Info: Redefining \dbond on input line 129.
LaTeX Info: Redefining \tbond on input line 129.
 [13] [14]
Package epstopdf Info: Source file: <./figures/appa/markers.eps>
(epstopdf)                    date: 2014-07-29 15:44:14
(epstopdf)                    size: 8013135 bytes
(epstopdf)             Output file: <./figures/appa/markers-eps-converted-to.pd
f>
(epstopdf)                    date: 2014-07-31 14:26:32
(epstopdf)                    size: 184607 bytes
(epstopdf)             Command: <repstopdf --outfile=./figures/appa/markers-eps
-converted-to.pdf ./figures/appa/markers.eps>
(epstopdf)             \includegraphics on input line 143.
Package epstopdf Info: Output file is already uptodate.

<./figures/appa/markers-eps-converted-to.pdf, id=490, 779.91376pt x 570.13pt>
File: ./figures/appa/markers-eps-converted-to.pdf Graphic file (type pdf)

<use ./figures/appa/markers-eps-converted-to.pdf>
Package pdftex.def Info: ./figures/appa/markers-eps-converted-to.pdf used on in
put line 143.
(pdftex.def)             Requested size: 346.89731pt x 253.58092pt.
LaTeX Info: Redefining \bond on input line 144.
LaTeX Info: Redefining \dbond on input line 144.
LaTeX Info: Redefining \tbond on input line 144.
LaTeX Info: Redefining \bond on input line 144.
LaTeX Info: Redefining \dbond on input line 144.
LaTeX Info: Redefining \tbond on input line 144.
LaTeX Info: Redefining \bond on input line 144.
LaTeX Info: Redefining \dbond on input line 144.
LaTeX Info: Redefining \tbond on input line 144.
LaTeX Info: Redefining \bond on input line 144.
LaTeX Info: Redefining \dbond on input line 144.
LaTeX Info: Redefining \tbond on input line 144.
LaTeX Info: Redefining \bond on input line 144.
LaTeX Info: Redefining \dbond on input line 144.
LaTeX Info: Redefining \tbond on input line 144.
LaTeX Info: Redefining \bond on input line 144.
LaTeX Info: Redefining \dbond on input line 144.
LaTeX Info: Redefining \tbond on input line 144.
LaTeX Info: Redefining \bond on input line 151.
LaTeX Info: Redefining \dbond on input line 151.
LaTeX Info: Redefining \tbond on input line 151.
Package epstopdf Info: Source file: <./figures/appa/cnt_au_markers.eps>
(epstopdf)                    date: 2014-08-14 17:31:00
(epstopdf)                    size: 48454491 bytes
(epstopdf)             Output file: <./figures/appa/cnt_au_markers-eps-converte
d-to.pdf>
(epstopdf)                    date: 2014-08-14 17:38:48
(epstopdf)                    size: 3204167 bytes
(epstopdf)             Command: <repstopdf --outfile=./figures/appa/cnt_au_mark
ers-eps-converted-to.pdf ./figures/appa/cnt_au_markers.eps>
(epstopdf)             \includegraphics on input line 155.
Package epstopdf Info: Output file is already uptodate.

<./figures/appa/cnt_au_markers-eps-converted-to.pdf, id=492, 1856.9375pt x 1856
.9375pt>
File: ./figures/appa/cnt_au_markers-eps-converted-to.pdf Graphic file (type pdf
)
 <use ./figures/appa/cnt_au_markers-eps-converted-to.pdf>
Package pdftex.def Info: ./figures/appa/cnt_au_markers-eps-converted-to.pdf use
d on input line 155.
(pdftex.def)             Requested size: 346.89731pt x 346.89987pt.
 [15 <./figures/appa/markers-eps-converted-to.pdf>] [16 <./figures/appa/cnt_au_
markers-eps-converted-to.pdf>]
LaTeX Info: Redefining \bond on input line 162.
LaTeX Info: Redefining \dbond on input line 162.
LaTeX Info: Redefining \tbond on input line 162.
Package epstopdf Info: Source file: <./figures/appa/cnt_efm.eps>
(epstopdf)                    date: 2014-08-14 09:00:57
(epstopdf)                    size: 4226883 bytes
(epstopdf)             Output file: <./figures/appa/cnt_efm-eps-converted-to.pd
f>
(epstopdf)                    date: 2014-08-14 17:39:11
(epstopdf)                    size: 266376 bytes
(epstopdf)             Command: <repstopdf --outfile=./figures/appa/cnt_efm-eps
-converted-to.pdf ./figures/appa/cnt_efm.eps>
(epstopdf)             \includegraphics on input line 166.
Package epstopdf Info: Output file is already uptodate.

<./figures/appa/cnt_efm-eps-converted-to.pdf, id=568, 513.92pt x 513.92pt>
File: ./figures/appa/cnt_efm-eps-converted-to.pdf Graphic file (type pdf)

<use ./figures/appa/cnt_efm-eps-converted-to.pdf>
Package pdftex.def Info: ./figures/appa/cnt_efm-eps-converted-to.pdf used on in
put line 166.
(pdftex.def)             Requested size: 346.89731pt x 346.90454pt.
 [17] [18 <./figures/appa/cnt_efm-eps-converted-to.pdf>] [19]
Package epstopdf Info: Source file: <./figures/appa/catalyst_island.eps>
(epstopdf)                    date: 2014-08-19 11:23:04
(epstopdf)                    size: 9026195 bytes
(epstopdf)             Output file: <./figures/appa/catalyst_island-eps-convert
ed-to.pdf>
(epstopdf)                    date: 2014-08-19 11:27:13
(epstopdf)                    size: 218844 bytes
(epstopdf)             Command: <repstopdf --outfile=./figures/appa/catalyst_is
land-eps-converted-to.pdf ./figures/appa/catalyst_island.eps>
(epstopdf)             \includegraphics on input line 188.
Package epstopdf Info: Output file is already uptodate.

<./figures/appa/catalyst_island-eps-converted-to.pdf, id=594, 775.89874pt x 551
.05875pt>
File: ./figures/appa/catalyst_island-eps-converted-to.pdf Graphic file (type pd
f)
 <use ./figures/appa/catalyst_island-eps-converted-to.pdf>
Package pdftex.def Info: ./figures/appa/catalyst_island-eps-converted-to.pdf us
ed on input line 188.
(pdftex.def)             Requested size: 346.89731pt x 246.37653pt.
LaTeX Info: Redefining \bond on input line 189.
LaTeX Info: Redefining \dbond on input line 189.
LaTeX Info: Redefining \tbond on input line 189.
LaTeX Info: Redefining \bond on input line 189.
LaTeX Info: Redefining \dbond on input line 189.
LaTeX Info: Redefining \tbond on input line 189.
LaTeX Info: Redefining \bond on input line 189.
LaTeX Info: Redefining \dbond on input line 189.
LaTeX Info: Redefining \tbond on input line 189.
LaTeX Info: Redefining \bond on input line 189.
LaTeX Info: Redefining \dbond on input line 189.
LaTeX Info: Redefining \tbond on input line 189.
LaTeX Info: Redefining \bond on input line 189.
LaTeX Info: Redefining \dbond on input line 189.
LaTeX Info: Redefining \tbond on input line 189.
LaTeX Info: Redefining \bond on input line 189.
LaTeX Info: Redefining \dbond on input line 189.
LaTeX Info: Redefining \tbond on input line 189.
LaTeX Info: Redefining \bond on input line 199.
LaTeX Info: Redefining \dbond on input line 199.
LaTeX Info: Redefining \tbond on input line 199.
LaTeX Info: Redefining \bond on input line 202.
LaTeX Info: Redefining \dbond on input line 202.
LaTeX Info: Redefining \tbond on input line 202.

Overfull \hbox (77.89351pt too wide) in paragraph at lines 196--206
 [][] 
 []

[20 <./figures/appa/catalyst_island-eps-converted-to.pdf>] [21]
LaTeX Info: Redefining \bond on input line 214.
LaTeX Info: Redefining \dbond on input line 214.
LaTeX Info: Redefining \tbond on input line 214.
LaTeX Info: Redefining \bond on input line 218.
LaTeX Info: Redefining \dbond on input line 218.
LaTeX Info: Redefining \tbond on input line 218.
 [22]
LaTeX Info: Redefining \bond on input line 230.
LaTeX Info: Redefining \dbond on input line 230.
LaTeX Info: Redefining \tbond on input line 230.
LaTeX Info: Redefining \bond on input line 232.
LaTeX Info: Redefining \dbond on input line 232.
LaTeX Info: Redefining \tbond on input line 232.
LaTeX Info: Redefining \bond on input line 234.
LaTeX Info: Redefining \dbond on input line 234.
LaTeX Info: Redefining \tbond on input line 234.
LaTeX Info: Redefining \bond on input line 235.
LaTeX Info: Redefining \dbond on input line 235.
LaTeX Info: Redefining \tbond on input line 235.
LaTeX Info: Redefining \bond on input line 235.
LaTeX Info: Redefining \dbond on input line 235.
LaTeX Info: Redefining \tbond on input line 235.
LaTeX Info: Redefining \bond on input line 236.
LaTeX Info: Redefining \dbond on input line 236.
LaTeX Info: Redefining \tbond on input line 236.
 [23]
LaTeX Info: Redefining \bond on input line 241.
LaTeX Info: Redefining \dbond on input line 241.
LaTeX Info: Redefining \tbond on input line 241.
LaTeX Info: Redefining \bond on input line 241.
LaTeX Info: Redefining \dbond on input line 241.
LaTeX Info: Redefining \tbond on input line 241.

[24]
Package epstopdf Info: Source file: <./figures/appa/efm_islands.eps>
(epstopdf)                    date: 2014-08-19 18:17:32
(epstopdf)                    size: 3461707 bytes
(epstopdf)             Output file: <./figures/appa/efm_islands-eps-converted-t
o.pdf>
(epstopdf)                    date: 2014-08-19 18:37:21
(epstopdf)                    size: 140605 bytes
(epstopdf)             Command: <repstopdf --outfile=./figures/appa/efm_islands
-eps-converted-to.pdf ./figures/appa/efm_islands.eps>
(epstopdf)             \includegraphics on input line 252.
Package epstopdf Info: Output file is already uptodate.

<./figures/appa/efm_islands-eps-converted-to.pdf, id=658, 747.79375pt x 354.323
75pt>
File: ./figures/appa/efm_islands-eps-converted-to.pdf Graphic file (type pdf)
 <use ./figures/appa/efm_islands-eps-converted-to.pdf>
Package pdftex.def Info: ./figures/appa/efm_islands-eps-converted-to.pdf used o
n input line 252.
(pdftex.def)             Requested size: 433.62pt x 205.45924pt.
Package epstopdf Info: Source file: <./figures/appa/sem_islands.eps>
(epstopdf)                    date: 2014-08-19 18:30:32
(epstopdf)                    size: 12514063 bytes
(epstopdf)             Output file: <./figures/appa/sem_islands-eps-converted-t
o.pdf>
(epstopdf)                    date: 2014-08-19 18:37:51
(epstopdf)                    size: 400348 bytes
(epstopdf)             Command: <repstopdf --outfile=./figures/appa/sem_islands
-eps-converted-to.pdf ./figures/appa/sem_islands.eps>
(epstopdf)             \includegraphics on input line 261.
Package epstopdf Info: Output file is already uptodate.

<./figures/appa/sem_islands-eps-converted-to.pdf, id=661, 796.9775pt x 616.3025
pt>
File: ./figures/appa/sem_islands-eps-converted-to.pdf Graphic file (type pdf)
 <use ./figures/appa/sem_islands-eps-converted-to.pdf>
Package pdftex.def Info: ./figures/appa/sem_islands-eps-converted-to.pdf used o
n input line 261.
(pdftex.def)             Requested size: 346.89731pt x 268.24928pt.
 [25] [26 <./figures/appa/efm_islands-eps-converted-to.pdf> <./figures/appa/sem
_islands-eps-converted-to.pdf>]
Package epstopdf Info: Source file: <./figures/appa/device_design.eps>
(epstopdf)                    date: 2014-08-21 14:39:23
(epstopdf)                    size: 10645415 bytes
(epstopdf)             Output file: <./figures/appa/device_design-eps-converted
-to.pdf>
(epstopdf)                    date: 2014-08-21 16:05:46
(epstopdf)                    size: 623942 bytes
(epstopdf)             Command: <repstopdf --outfile=./figures/appa/device_desi
gn-eps-converted-to.pdf ./figures/appa/device_design.eps>
(epstopdf)             \includegraphics on input line 279.
Package epstopdf Info: Output file is already uptodate.

<./figures/appa/device_design-eps-converted-to.pdf, id=686, 790.955pt x 252.945
pt>
File: ./figures/appa/device_design-eps-converted-to.pdf Graphic file (type pdf)

 <use ./figures/appa/device_design-eps-converted-to.pdf>
Package pdftex.def Info: ./figures/appa/device_design-eps-converted-to.pdf used
 on input line 279.
(pdftex.def)             Requested size: 433.62pt x 138.67245pt.
 [27]
<./figures/appa/sem_setup.jpg, id=693, 2273.49374pt x 1503.6175pt>
File: ./figures/appa/sem_setup.jpg Graphic file (type jpg)

<use ./figures/appa/sem_setup.jpg>
Package pdftex.def Info: ./figures/appa/sem_setup.jpg used on input line 291.
(pdftex.def)             Requested size: 346.89731pt x 229.41031pt.
 [28 <./figures/appa/device_design-eps-converted-to.pdf>] [29 <./figures/appa/s
em_setup.jpg>] [30] [31] [32] [33]
<./figures/appa/ald.jpg, id=737, 2698.08pt x 1525.7pt>
File: ./figures/appa/ald.jpg Graphic file (type jpg)

<use ./figures/appa/ald.jpg>
Package pdftex.def Info: ./figures/appa/ald.jpg used on input line 390.
(pdftex.def)             Requested size: 346.89731pt x 196.1596pt.
 [34]
LaTeX Info: Redefining \bond on input line 397.
LaTeX Info: Redefining \dbond on input line 397.
LaTeX Info: Redefining \tbond on input line 397.
LaTeX Info: Redefining \bond on input line 397.
LaTeX Info: Redefining \dbond on input line 397.
LaTeX Info: Redefining \tbond on input line 397.
LaTeX Info: Redefining \bond on input line 397.
LaTeX Info: Redefining \dbond on input line 397.
LaTeX Info: Redefining \tbond on input line 397.
LaTeX Info: Redefining \bond on input line 397.
LaTeX Info: Redefining \dbond on input line 397.
LaTeX Info: Redefining \tbond on input line 397.
LaTeX Info: Redefining \bond on input line 397.
LaTeX Info: Redefining \dbond on input line 397.
LaTeX Info: Redefining \tbond on input line 397.
 [35 <./figures/appa/ald.jpg>]
LaTeX Info: Redefining \bond on input line 401.
LaTeX Info: Redefining \dbond on input line 401.
LaTeX Info: Redefining \tbond on input line 401.
LaTeX Info: Redefining \bond on input line 408.
LaTeX Info: Redefining \dbond on input line 408.
LaTeX Info: Redefining \tbond on input line 408.
 [36]
Package epstopdf Info: Source file: <./figures/appa/broken_tube.eps>
(epstopdf)                    date: 2014-08-26 17:09:43
(epstopdf)                    size: 7607335 bytes
(epstopdf)             Output file: <./figures/appa/broken_tube-eps-converted-t
o.pdf>
(epstopdf)                    date: 2014-08-26 17:11:52
(epstopdf)                    size: 150915 bytes
(epstopdf)             Command: <repstopdf --outfile=./figures/appa/broken_tube
-eps-converted-to.pdf ./figures/appa/broken_tube.eps>
(epstopdf)             \includegraphics on input line 424.
Package epstopdf Info: Output file is already uptodate.

<./figures/appa/broken_tube-eps-converted-to.pdf, id=765, 730.73pt x 268.00125p
t>
File: ./figures/appa/broken_tube-eps-converted-to.pdf Graphic file (type pdf)
 <use ./figures/appa/broken_tube-eps-converted-to.pdf>
Package pdftex.def Info: ./figures/appa/broken_tube-eps-converted-to.pdf used o
n input line 424.
(pdftex.def)             Requested size: 433.62pt x 159.03537pt.
 [37]
<./figures/appa/probe_station.jpg, id=771, 2285.53876pt x 1213.53375pt>
File: ./figures/appa/probe_station.jpg Graphic file (type jpg)

<use ./figures/appa/probe_station.jpg>
Package pdftex.def Info: ./figures/appa/probe_station.jpg used on input line 44
0.
(pdftex.def)             Requested size: 346.89731pt x 184.18869pt.
 [38 <./figures/appa/broken_tube-eps-converted-to.pdf>]
Package epstopdf Info: Source file: <./figures/appa/wire_bonder.eps>
(epstopdf)                    date: 2014-08-27 08:56:16
(epstopdf)                    size: 73572051 bytes
(epstopdf)             Output file: <./figures/appa/wire_bonder-eps-converted-t
o.pdf>
(epstopdf)                    date: 2014-08-27 09:12:09
(epstopdf)                    size: 1603589 bytes
(epstopdf)             Command: <repstopdf --outfile=./figures/appa/wire_bonder
-eps-converted-to.pdf ./figures/appa/wire_bonder.eps>
(epstopdf)             \includegraphics on input line 454.
Package epstopdf Info: Output file is already uptodate.

<./figures/appa/wire_bonder-eps-converted-to.pdf, id=784, 729.72626pt x 601.246
25pt>
File: ./figures/appa/wire_bonder-eps-converted-to.pdf Graphic file (type pdf)
 <use ./figures/appa/wire_bonder-eps-converted-to.pdf>
Package pdftex.def Info: ./figures/appa/wire_bonder-eps-converted-to.pdf used o
n input line 454.
(pdftex.def)             Requested size: 433.62pt x 357.27347pt.
) [39 <./figures/appa/probe_station.jpg>] [40 <./figures/appa/wire_bonder-eps-c
onverted-to.pdf>]
[41] (./root.bbl [42


] [43] [44] [45]) [46]
Package atveryend Info: Empty hook `BeforeClearDocument' on input line 83.
 [47

]
Package atveryend Info: Empty hook `AfterLastShipout' on input line 83.
 (./root.aux (./chapter0.aux)
(./chapter1.aux) (./chapter2.aux) (./appendixa.aux))
Package atveryend Info: Executing hook `AtVeryEndDocument' on input line 83.
Package atveryend Info: Executing hook `AtEndAfterFileList' on input line 83.
Package rerunfilecheck Info: File `root.out' has not changed.
(rerunfilecheck)             Checksum: 78DE868590E4E78F1760EC9CE049D0C7;2987.
Package atveryend Info: Empty hook `AtVeryVeryEnd' on input line 83.
 ) 
Here is how much of TeX's memory you used:
 15554 strings out of 493315
 306141 string characters out of 6137904
 340846 words of memory out of 5000000
 18536 multiletter control sequences out of 15000+600000
 22541 words of font info for 59 fonts, out of 8000000 for 9000
 957 hyphenation exceptions out of 8191
 42i,22n,52p,1118b,987s stack positions out of 5000i,500n,10000p,200000b,80000s
{/usr/local/texlive/2013/texmf-dist/fonts/enc/dvips/cm-super/cm-super-t1.enc}
{/usr/local/texlive/2013/texmf-dist/fonts/enc/dvips/cm-super/cm-super-ts1.enc}<
/usr/local/texlive/2013/texmf-dist/fonts/type1/public/amsfonts/cm/cmmi12.pfb></
usr/local/texlive/2013/texmf-dist/fonts/type1/public/amsfonts/cm/cmr12.pfb></us
r/local/texlive/2013/texmf-dist/fonts/type1/public/amsfonts/cm/cmr8.pfb></usr/l
ocal/texlive/2013/texmf-dist/fonts/type1/public/amsfonts/cm/cmsy10.pfb></usr/lo
cal/texlive/2013/texmf-dist/fonts/type1/public/amsfonts/cm/cmsy8.pfb></usr/loca
l/texlive/2013/texmf-dist/fonts/type1/public/amsfonts/symbols/msam10.pfb></usr/
local/texlive/2013/texmf-dist/fonts/type1/public/cm-super/sfbx1200.pfb></usr/lo
cal/texlive/2013/texmf-dist/fonts/type1/public/cm-super/sfbx1440.pfb></usr/loca
l/texlive/2013/texmf-dist/fonts/type1/public/cm-super/sfbx1728.pfb></usr/local/
texlive/2013/texmf-dist/fonts/type1/public/cm-super/sfbx2074.pfb></usr/local/te
xlive/2013/texmf-dist/fonts/type1/public/cm-super/sfbx2488.pfb></usr/local/texl
ive/2013/texmf-dist/fonts/type1/public/cm-super/sfrm0800.pfb></usr/local/texliv
e/2013/texmf-dist/fonts/type1/public/cm-super/sfrm1200.pfb></usr/local/texlive/
2013/texmf-dist/fonts/type1/public/cm-super/sfrm1440.pfb></usr/local/texlive/20
13/texmf-dist/fonts/type1/public/cm-super/sfti1200.pfb></usr/local/texlive/2013
/texmf-dist/fonts/type1/public/cm-super/sfxc1200.pfb>
Output written on root.pdf (57 pages, 13810407 bytes).
PDF statistics:
 953 PDF objects out of 1000 (max. 8388607)
 766 compressed objects within 8 object streams
 183 named destinations out of 1000 (max. 500000)
 433 words of extra memory for PDF output out of 10000 (max. 10000000)

