\BOOKMARK [0][-]{chapter*.1}{Abstract}{}% 1
\BOOKMARK [0][-]{chapter*.2}{Acknowledgments}{}% 2
\BOOKMARK [0][-]{chapter*.5}{List of Tables}{}% 3
\BOOKMARK [0][-]{chapter*.6}{List of Figures}{}% 4
\BOOKMARK [0][-]{chapter.1}{Introduction}{}% 5
\BOOKMARK [1][-]{section.1.1}{Section}{chapter.1}% 6
\BOOKMARK [2][-]{subsection.1.1.1}{Subsection}{section.1.1}% 7
\BOOKMARK [1][-]{section.1.2}{Optional table of contents heading}{chapter.1}% 8
\BOOKMARK [2][-]{subsection.1.2.1}{Another subsection}{section.1.2}% 9
\BOOKMARK [3][-]{subsubsection.1.2.1.1}{Subsubsection}{subsection.1.2.1}% 10
\BOOKMARK [0][-]{chapter.2}{Electronic Properties of Carbon Nanotubes}{}% 11
\BOOKMARK [0][-]{appendix.A}{Device Fabrication}{}% 12
\BOOKMARK [1][-]{section.A.1}{Wafer Preparation}{appendix.A}% 13
\BOOKMARK [2][-]{subsection.A.1.1}{Selection and Cleaning}{section.A.1}% 14
\BOOKMARK [2][-]{subsection.A.1.2}{Optical Lithography}{section.A.1}% 15
\BOOKMARK [3][-]{subsubsection.A.1.2.1}{Projection Lithography}{subsection.A.1.2}% 16
\BOOKMARK [3][-]{subsubsection.A.1.2.2}{Mask Aligner}{subsection.A.1.2}% 17
\BOOKMARK [1][-]{section.A.2}{Nanotube Growth and Placement}{appendix.A}% 18
\BOOKMARK [2][-]{subsection.A.2.1}{Random Dispersion}{section.A.2}% 19
\BOOKMARK [3][-]{subsubsection.A.2.1.1}{Catalyst}{subsection.A.2.1}% 20
\BOOKMARK [3][-]{subsubsection.A.2.1.2}{Growth}{subsection.A.2.1}% 21
\BOOKMARK [3][-]{subsubsection.A.2.1.3}{Nanotube Placement}{subsection.A.2.1}% 22
\BOOKMARK [3][-]{subsubsection.A.2.1.4}{Imaging Nanotubes}{subsection.A.2.1}% 23
\BOOKMARK [3][-]{subsubsection.A.2.1.5}{Conclusion}{subsection.A.2.1}% 24
\BOOKMARK [2][-]{subsection.A.2.2}{Catalyst Island Growth}{section.A.2}% 25
\BOOKMARK [3][-]{subsubsection.A.2.2.1}{Catalyst}{subsection.A.2.2}% 26
\BOOKMARK [3][-]{subsubsection.A.2.2.2}{Growth}{subsection.A.2.2}% 27
\BOOKMARK [3][-]{subsubsection.A.2.2.3}{Imaging Nanotubes}{subsection.A.2.2}% 28
\BOOKMARK [3][-]{subsubsection.A.2.2.4}{Conclusion}{subsection.A.2.2}% 29
\BOOKMARK [1][-]{section.A.3}{Device Design}{appendix.A}% 30
\BOOKMARK [1][-]{section.A.4}{Electron Beam Lithography}{appendix.A}% 31
\BOOKMARK [2][-]{subsection.A.4.1}{Standard Recipe}{section.A.4}% 32
\BOOKMARK [2][-]{subsection.A.4.2}{Cold Development}{section.A.4}% 33
\BOOKMARK [1][-]{section.A.5}{Thin Film Deposition}{appendix.A}% 34
\BOOKMARK [2][-]{subsection.A.5.1}{Thermal Evaporation}{section.A.5}% 35
\BOOKMARK [2][-]{subsection.A.5.2}{Electron Beam Evaporation}{section.A.5}% 36
\BOOKMARK [2][-]{subsection.A.5.3}{Sputtering}{section.A.5}% 37
\BOOKMARK [2][-]{subsection.A.5.4}{Atomic Layer Deposition}{section.A.5}% 38
\BOOKMARK [2][-]{subsection.A.5.5}{Liftoff}{section.A.5}% 39
\BOOKMARK [1][-]{section.A.6}{Room Temperature Testing}{appendix.A}% 40
\BOOKMARK [2][-]{subsection.A.6.1}{Probe Station}{section.A.6}% 41
\BOOKMARK [2][-]{subsection.A.6.2}{Wire Bonding}{section.A.6}% 42
\BOOKMARK [0][-]{appendix*.7}{Bibliography}{}% 43
\BOOKMARK [0][-]{appendix*.8}{Vita}{}% 44
